<?xml version="1.0" encoding="UTF-8"?>
<testsuite name="com.bridgelabz.MoodAnalyzerTest" tests="4" skipped="0" failures="0" errors="0" timestamp="2020-06-24T16:45:36" hostname="saurabh3250" time="0.011">
  <properties/>
  <testcase name="givenMood_IfMoodIsNothing_ShouldReturnHappy" classname="com.bridgelabz.MoodAnalyzerTest" time="0.007"/>
  <testcase name="givenMood_IFMoodIsSad_ShouldReturnSad" classname="com.bridgelabz.MoodAnalyzerTest" time="0.0"/>
  <testcase name="usingReflection_GivenMessage_ShouldReturnClassObject" classname="com.bridgelabz.MoodAnalyzerTest" time="0.0"/>
  <testcase name="givenNullMood_Ifmood_ISNull_ShouldHandle_Exception_ShouldReturnHappy" classname="com.bridgelabz.MoodAnalyzerTest" time="0.001"/>
  <system-out><![CDATA[]]></system-out>
  <system-err><![CDATA[]]></system-err>
</testsuite>
