<?xml version="1.0" encoding="UTF-8"?>
<testsuite name="com.bridgelabz.moodanalyzer.main.MoodAnalyzerTest" tests="1" skipped="0" failures="0" errors="0" timestamp="2020-06-25T18:49:34" hostname="saurabh3250" time="0.007">
  <properties/>
  <testcase name="givenAllProper_ofParameterized_ShouldTestCoreect" classname="com.bridgelabz.moodanalyzer.main.MoodAnalyzerTest" time="0.007"/>
  <system-out><![CDATA[]]></system-out>
  <system-err><![CDATA[]]></system-err>
</testsuite>
